[debug] [2021-06-18T23:39:18.530Z] ----------------------------------------------------------------------
[debug] [2021-06-18T23:39:18.532Z] Command:       C:\Program Files\nodejs\node.exe C:\Users\PLC\AppData\Roaming\npm\node_modules\firebase-tools\lib\bin\firebase.js deploy
[debug] [2021-06-18T23:39:18.532Z] CLI Version:   9.13.1
[debug] [2021-06-18T23:39:18.532Z] Platform:      win32
[debug] [2021-06-18T23:39:18.532Z] Node Version:  v15.3.0
[debug] [2021-06-18T23:39:18.533Z] Time:          Fri Jun 18 2021 16:39:18 GMT-0700 (Pacific Daylight Time)
[debug] [2021-06-18T23:39:18.533Z] ----------------------------------------------------------------------
[debug] 
[debug] [2021-06-18T23:39:18.540Z] > command requires scopes: ["email","openid","https://www.googleapis.com/auth/cloudplatformprojects.readonly","https://www.googleapis.com/auth/firebase","https://www.googleapis.com/auth/cloud-platform"]
[debug] [2021-06-18T23:39:18.540Z] > authorizing via signed-in user (jamesho.dev@gmail.com)
[debug] [2021-06-18T23:39:18.540Z] [iam] checking project social-network-93633 for permissions ["firebase.projects.get","firebasehosting.sites.update"]
[debug] [2021-06-18T23:39:18.542Z] > refreshing access token with scopes: ["email","https://www.googleapis.com/auth/cloud-platform","https://www.googleapis.com/auth/cloudplatformprojects.readonly","https://www.googleapis.com/auth/firebase","openid"]
[debug] [2021-06-18T23:39:18.542Z] >>> HTTP REQUEST POST https://www.googleapis.com/oauth2/v3/token  
 <request body omitted>
[debug] [2021-06-18T23:39:18.738Z] <<< HTTP RESPONSE 200 {"pragma":"no-cache","expires":"Mon, 01 Jan 1990 00:00:00 GMT","cache-control":"no-cache, no-store, max-age=0, must-revalidate","date":"Fri, 18 Jun 2021 23:39:18 GMT","content-type":"application/json; charset=utf-8","vary":"X-Origin, Referer, Origin,Accept-Encoding","server":"scaffolding on HTTPServer2","x-xss-protection":"0","x-frame-options":"SAMEORIGIN","x-content-type-options":"nosniff","alt-svc":"h3=\":443\"; ma=2592000,h3-29=\":443\"; ma=2592000,h3-T051=\":443\"; ma=2592000,h3-Q050=\":443\"; ma=2592000,h3-Q046=\":443\"; ma=2592000,h3-Q043=\":443\"; ma=2592000,quic=\":443\"; ma=2592000; v=\"46,43\"","accept-ranges":"none","transfer-encoding":"chunked"}
[debug] [2021-06-18T23:39:18.760Z] >>> HTTP REQUEST POST https://cloudresourcemanager.googleapis.com/v1/projects/social-network-93633:testIamPermissions  
 {"permissions":["firebase.projects.get","firebasehosting.sites.update"]}
[debug] [2021-06-18T23:39:18.902Z] <<< HTTP RESPONSE 200 {"content-type":"application/json; charset=UTF-8","vary":"X-Origin, Referer, Origin,Accept-Encoding","date":"Fri, 18 Jun 2021 23:39:18 GMT","server":"ESF","cache-control":"private","x-xss-protection":"0","x-frame-options":"SAMEORIGIN","x-content-type-options":"nosniff","server-timing":"gfet4t7; dur=48","alt-svc":"h3=\":443\"; ma=2592000,h3-29=\":443\"; ma=2592000,h3-T051=\":443\"; ma=2592000,h3-Q050=\":443\"; ma=2592000,h3-Q046=\":443\"; ma=2592000,h3-Q043=\":443\"; ma=2592000,quic=\":443\"; ma=2592000; v=\"46,43\"","accept-ranges":"none","transfer-encoding":"chunked"}
[debug] [2021-06-18T23:39:18.906Z] > refreshing access token with scopes: []
[debug] [2021-06-18T23:39:18.907Z] >>> HTTP REQUEST POST https://www.googleapis.com/oauth2/v3/token  
 <request body omitted>
[debug] [2021-06-18T23:39:19.053Z] <<< HTTP RESPONSE 200 {"cache-control":"no-cache, no-store, max-age=0, must-revalidate","pragma":"no-cache","date":"Fri, 18 Jun 2021 23:39:18 GMT","expires":"Mon, 01 Jan 1990 00:00:00 GMT","content-type":"application/json; charset=utf-8","vary":"X-Origin, Referer, Origin,Accept-Encoding","server":"scaffolding on HTTPServer2","x-xss-protection":"0","x-frame-options":"SAMEORIGIN","x-content-type-options":"nosniff","alt-svc":"h3=\":443\"; ma=2592000,h3-29=\":443\"; ma=2592000,h3-T051=\":443\"; ma=2592000,h3-Q050=\":443\"; ma=2592000,h3-Q046=\":443\"; ma=2592000,h3-Q043=\":443\"; ma=2592000,quic=\":443\"; ma=2592000; v=\"46,43\"","accept-ranges":"none","transfer-encoding":"chunked"}
[debug] [2021-06-18T23:39:19.075Z] >>> [apiv2][query] GET https://firebase.googleapis.com/v1beta1/projects/social-network-93633 [none]
[debug] [2021-06-18T23:39:19.283Z] <<< [apiv2][status] GET https://firebase.googleapis.com/v1beta1/projects/social-network-93633 200
[debug] [2021-06-18T23:39:19.283Z] <<< [apiv2][body] GET https://firebase.googleapis.com/v1beta1/projects/social-network-93633 {"projectId":"social-network-93633","projectNumber":"620160714894","displayName":"social-network","name":"projects/social-network-93633","resources":{"hostingSite":"social-network-93633","storageBucket":"social-network-93633.appspot.com","locationId":"us-central"},"state":"ACTIVE"}
[info] 
[info] === Deploying to 'social-network-93633'...
[info] 
[info] i  deploying hosting 
[debug] [2021-06-18T23:39:19.287Z] > refreshing access token with scopes: ["email","https://www.googleapis.com/auth/cloud-platform","https://www.googleapis.com/auth/cloudplatformprojects.readonly","https://www.googleapis.com/auth/firebase","openid"]
[debug] [2021-06-18T23:39:19.287Z] >>> HTTP REQUEST POST https://www.googleapis.com/oauth2/v3/token  
 <request body omitted>
[debug] [2021-06-18T23:39:19.447Z] <<< HTTP RESPONSE 200 {"expires":"Mon, 01 Jan 1990 00:00:00 GMT","date":"Fri, 18 Jun 2021 23:39:19 GMT","cache-control":"no-cache, no-store, max-age=0, must-revalidate","pragma":"no-cache","content-type":"application/json; charset=utf-8","vary":"X-Origin, Referer, Origin,Accept-Encoding","server":"scaffolding on HTTPServer2","x-xss-protection":"0","x-frame-options":"SAMEORIGIN","x-content-type-options":"nosniff","alt-svc":"h3=\":443\"; ma=2592000,h3-29=\":443\"; ma=2592000,h3-T051=\":443\"; ma=2592000,h3-Q050=\":443\"; ma=2592000,h3-Q046=\":443\"; ma=2592000,h3-Q043=\":443\"; ma=2592000,quic=\":443\"; ma=2592000; v=\"46,43\"","accept-ranges":"none","transfer-encoding":"chunked"}
[debug] [2021-06-18T23:39:19.483Z] >>> HTTP REQUEST POST https://firebasehosting.googleapis.com/v1beta1/sites/social-network-93633/versions  
 {"config":{"rewrites":[{"glob":"**","path":"/index.html"}]},"labels":{"deployment-tool":"cli-firebase"}}
[debug] [2021-06-18T23:39:20.069Z] <<< HTTP RESPONSE 200 {"content-type":"application/json; charset=UTF-8","vary":"X-Origin, Referer, Origin,Accept-Encoding","date":"Fri, 18 Jun 2021 23:39:19 GMT","server":"ESF","cache-control":"private","x-xss-protection":"0","x-frame-options":"SAMEORIGIN","x-content-type-options":"nosniff","alt-svc":"h3=\":443\"; ma=2592000,h3-29=\":443\"; ma=2592000,h3-T051=\":443\"; ma=2592000,h3-Q050=\":443\"; ma=2592000,h3-Q046=\":443\"; ma=2592000,h3-Q043=\":443\"; ma=2592000,quic=\":443\"; ma=2592000; v=\"46,43\"","accept-ranges":"none","transfer-encoding":"chunked"}
[info] i  hosting[social-network-93633]: beginning deploy... 
[info] i  hosting[social-network-93633]: found 28 files in build 
[debug] [2021-06-18T23:39:20.685Z] > refreshing access token with scopes: []
[debug] [2021-06-18T23:39:20.685Z] >>> HTTP REQUEST POST https://www.googleapis.com/oauth2/v3/token  
 <request body omitted>
[debug] [2021-06-18T23:39:20.687Z] [hosting] hash cache [YnVpbGQ] stored for 28 files
[debug] [2021-06-18T23:39:20.687Z] [hosting][hash queue][FINAL] {"max":578,"min":15,"avg":38.75,"active":0,"complete":28,"success":28,"errored":0,"retried":0,"total":28,"elapsed":584}
[debug] [2021-06-18T23:39:20.818Z] <<< HTTP RESPONSE 200 {"cache-control":"no-cache, no-store, max-age=0, must-revalidate","pragma":"no-cache","expires":"Mon, 01 Jan 1990 00:00:00 GMT","date":"Fri, 18 Jun 2021 23:39:20 GMT","content-type":"application/json; charset=utf-8","vary":"X-Origin, Referer, Origin,Accept-Encoding","server":"scaffolding on HTTPServer2","x-xss-protection":"0","x-frame-options":"SAMEORIGIN","x-content-type-options":"nosniff","alt-svc":"h3=\":443\"; ma=2592000,h3-29=\":443\"; ma=2592000,h3-T051=\":443\"; ma=2592000,h3-Q050=\":443\"; ma=2592000,h3-Q046=\":443\"; ma=2592000,h3-Q043=\":443\"; ma=2592000,quic=\":443\"; ma=2592000; v=\"46,43\"","accept-ranges":"none","transfer-encoding":"chunked"}
[debug] [2021-06-18T23:39:20.836Z] >>> [apiv2][query] POST https://firebasehosting.googleapis.com/v1beta1/sites/social-network-93633/versions/3560ac43595ff8b2:populateFiles [none]
[debug] [2021-06-18T23:39:20.836Z] >>> [apiv2][body] POST https://firebasehosting.googleapis.com/v1beta1/sites/social-network-93633/versions/3560ac43595ff8b2:populateFiles {"files":{"/asset-manifest.json":"726583c7fd80110ff59e5bd2f43a7b64bbda52375b4ad798c3e472a1b7240e27","/index.html":"3db38a5327e3d62707887c0efed309b51adcf1c7727dc8ee6b143da53e3a431c","/favicon.ico":"eae62e993eb980ec8a25058c39d5a51feab118bd2100c4deebb2a9c158ec11f9","/manifest.json":"5c997de1364b8be939319fa9209abd77f2caf7f8844999a9e2e9173f844e7840","/robots.txt":"b2090cf9761ef60aa06e4fab97679bd43dfa5e5df073701ead5879d7c68f1ec5","/logo192.png":"3ee59515172ee198f3be375979df15ac5345183e656720a381b8872b2a39dc8b","/logo512.png":"ee7e2f3fdb8209c4b6fd7bef6ba50d1b9dba30a25bb5c3126df057e1cb6f5331","/static/js/2.dc5be3e4.chunk.js.LICENSE.txt":"9953c29a353639c2cb1a6c96401e6711977f9d45c398b0f4894aab7ed87169fc","/static/css/main.06ab61ba.chunk.css":"656d791dce69bec9227f23fa69071a16f2089b72222ec68acb79ea6e08052af5","/static/css/main.06ab61ba.chunk.css.map":"4eeab4ddcc040227f38c4a6eca8c4eedbccf43f070f4c2d2c63c9a961045bd3a","/static/js/3.e86c2b25.chunk.js":"b4a82115447ea17e04f4439387d6e59d27d03c47c06fc28ba79e86e66821a7b6","/static/js/3.e86c2b25.chunk.js.map":"71fe1433c0d46efc13ed4b6b4a08489a753a91eae1cc6787f5ea20c2ae24dfde","/static/js/runtime-main.be15f53a.js":"57083a3f5c03beefab1a46914e787f17be433dbb37c733514bed81206a8e02dc","/static/js/runtime-main.be15f53a.js.map":"17c7e36de4e96af8bbeac0747e03e9e7c61cfd0dcde4f58e7a27dce8808e47d9","/static/js/main.67ce063e.chunk.js":"451ca258eb8eac33bd9b62d05bf8b14cc47e6bdcafff260524e4f78552c95e5a","/static/js/main.67ce063e.chunk.js.map":"0d8a5adca5c13fd122759a9e31410391964576c98afd257f135624c6b724d4a7","/static/media/p5.5db5ff3a.jpg":"99f8152d86db48aed3fd0cd93779e6300a887551dff7ee0c344cccdae36699ce","/static/media/i4.eaf0dcd0.jpg":"bc55d457d0b3d091aafba149d1c56a4124b93993912af2a5e10d4fcc22e1e381","/static/media/p3.50851066.jpg":"1568ab6270e27301ddaf4e92d9c5dbe6a4605b08804e3c9a65f111cf6989f828","/static/media/p4.7169826f.jpg":"cc400634a82685e2ddd407b072e8798cf8d159d97fea7ed3c4e9bdc85258c6bd","/static/media/p2.d5047f31.jpg":"623d85e99c69bec554e6b074a3954c00c61706fa0e4d037f177f73da80b305ba","/static/media/i2.e1501797.jpg":"a2fda422de91ceba4354d58c8123b981710d7d88ead7e70d7915c9d19aa17868","/static/media/i3.1502f57f.jpg":"805c5cb8722b5d164e353777c2865e30f804a6c2103f91d5ac2bfab4c672b032","/static/media/p1.a67d8300.jpg":"4a6af6a6426e263aa74734a8239bd80d2220542b6f0361e70ac295e38f7d5cfe","/static/media/i1.ed2d1651.jpg":"5eb9fb78626fc5696a21db91b4b9462897b2f16024fbc75feccf20aaf0067e5d","/static/media/i5.13f0d281.jpg":"c1f02e49d02a89e1687b50e2c6a4cd67350e86f54f23c54df69ebc42f29a2195","/static/js/2.dc5be3e4.chunk.js":"118c00ff2de5fd3c1734b27d25b7f81d1725d5a69b02954e2a9cf2cc43a3d601","/static/js/2.dc5be3e4.chunk.js.map":"6318208910900302c88dbfb459e2a4b4cdb0f627611058d115ea2b9c422a0b5a"}}
[debug] [2021-06-18T23:39:21.296Z] <<< [apiv2][status] POST https://firebasehosting.googleapis.com/v1beta1/sites/social-network-93633/versions/3560ac43595ff8b2:populateFiles 200
[debug] [2021-06-18T23:39:21.296Z] <<< [apiv2][body] POST https://firebasehosting.googleapis.com/v1beta1/sites/social-network-93633/versions/3560ac43595ff8b2:populateFiles {"uploadRequiredHashes":["4eeab4ddcc040227f38c4a6eca8c4eedbccf43f070f4c2d2c63c9a961045bd3a","b2090cf9761ef60aa06e4fab97679bd43dfa5e5df073701ead5879d7c68f1ec5","3db38a5327e3d62707887c0efed309b51adcf1c7727dc8ee6b143da53e3a431c","118c00ff2de5fd3c1734b27d25b7f81d1725d5a69b02954e2a9cf2cc43a3d601","6318208910900302c88dbfb459e2a4b4cdb0f627611058d115ea2b9c422a0b5a","5c997de1364b8be939319fa9209abd77f2caf7f8844999a9e2e9173f844e7840","9953c29a353639c2cb1a6c96401e6711977f9d45c398b0f4894aab7ed87169fc","71fe1433c0d46efc13ed4b6b4a08489a753a91eae1cc6787f5ea20c2ae24dfde","656d791dce69bec9227f23fa69071a16f2089b72222ec68acb79ea6e08052af5","17c7e36de4e96af8bbeac0747e03e9e7c61cfd0dcde4f58e7a27dce8808e47d9","451ca258eb8eac33bd9b62d05bf8b14cc47e6bdcafff260524e4f78552c95e5a","0d8a5adca5c13fd122759a9e31410391964576c98afd257f135624c6b724d4a7","57083a3f5c03beefab1a46914e787f17be433dbb37c733514bed81206a8e02dc","726583c7fd80110ff59e5bd2f43a7b64bbda52375b4ad798c3e472a1b7240e27","b4a82115447ea17e04f4439387d6e59d27d03c47c06fc28ba79e86e66821a7b6"],"uploadUrl":"https://upload-firebasehosting.googleapis.com/upload/sites/social-network-93633/versions/3560ac43595ff8b2/files"}
[debug] [2021-06-18T23:39:21.298Z] >>> [apiv2][query] POST https://upload-firebasehosting.googleapis.com/upload/sites/social-network-93633/versions/3560ac43595ff8b2/files/4eeab4ddcc040227f38c4a6eca8c4eedbccf43f070f4c2d2c63c9a961045bd3a [none]
[debug] [2021-06-18T23:39:21.299Z] >>> [apiv2][body] POST https://upload-firebasehosting.googleapis.com/upload/sites/social-network-93633/versions/3560ac43595ff8b2/files/4eeab4ddcc040227f38c4a6eca8c4eedbccf43f070f4c2d2c63c9a961045bd3a [stream]
[debug] [2021-06-18T23:39:21.299Z] >>> [apiv2][query] POST https://upload-firebasehosting.googleapis.com/upload/sites/social-network-93633/versions/3560ac43595ff8b2/files/b2090cf9761ef60aa06e4fab97679bd43dfa5e5df073701ead5879d7c68f1ec5 [none]
[debug] [2021-06-18T23:39:21.299Z] >>> [apiv2][body] POST https://upload-firebasehosting.googleapis.com/upload/sites/social-network-93633/versions/3560ac43595ff8b2/files/b2090cf9761ef60aa06e4fab97679bd43dfa5e5df073701ead5879d7c68f1ec5 [stream]
[debug] [2021-06-18T23:39:21.300Z] >>> [apiv2][query] POST https://upload-firebasehosting.googleapis.com/upload/sites/social-network-93633/versions/3560ac43595ff8b2/files/3db38a5327e3d62707887c0efed309b51adcf1c7727dc8ee6b143da53e3a431c [none]
[debug] [2021-06-18T23:39:21.300Z] >>> [apiv2][body] POST https://upload-firebasehosting.googleapis.com/upload/sites/social-network-93633/versions/3560ac43595ff8b2/files/3db38a5327e3d62707887c0efed309b51adcf1c7727dc8ee6b143da53e3a431c [stream]
[debug] [2021-06-18T23:39:21.300Z] >>> [apiv2][query] POST https://upload-firebasehosting.googleapis.com/upload/sites/social-network-93633/versions/3560ac43595ff8b2/files/118c00ff2de5fd3c1734b27d25b7f81d1725d5a69b02954e2a9cf2cc43a3d601 [none]
[debug] [2021-06-18T23:39:21.301Z] >>> [apiv2][body] POST https://upload-firebasehosting.googleapis.com/upload/sites/social-network-93633/versions/3560ac43595ff8b2/files/118c00ff2de5fd3c1734b27d25b7f81d1725d5a69b02954e2a9cf2cc43a3d601 [stream]
[debug] [2021-06-18T23:39:21.304Z] >>> [apiv2][query] POST https://upload-firebasehosting.googleapis.com/upload/sites/social-network-93633/versions/3560ac43595ff8b2/files/6318208910900302c88dbfb459e2a4b4cdb0f627611058d115ea2b9c422a0b5a [none]
[debug] [2021-06-18T23:39:21.304Z] >>> [apiv2][body] POST https://upload-firebasehosting.googleapis.com/upload/sites/social-network-93633/versions/3560ac43595ff8b2/files/6318208910900302c88dbfb459e2a4b4cdb0f627611058d115ea2b9c422a0b5a [stream]
[debug] [2021-06-18T23:39:21.304Z] >>> [apiv2][query] POST https://upload-firebasehosting.googleapis.com/upload/sites/social-network-93633/versions/3560ac43595ff8b2/files/5c997de1364b8be939319fa9209abd77f2caf7f8844999a9e2e9173f844e7840 [none]
[debug] [2021-06-18T23:39:21.304Z] >>> [apiv2][body] POST https://upload-firebasehosting.googleapis.com/upload/sites/social-network-93633/versions/3560ac43595ff8b2/files/5c997de1364b8be939319fa9209abd77f2caf7f8844999a9e2e9173f844e7840 [stream]
[debug] [2021-06-18T23:39:21.305Z] >>> [apiv2][query] POST https://upload-firebasehosting.googleapis.com/upload/sites/social-network-93633/versions/3560ac43595ff8b2/files/9953c29a353639c2cb1a6c96401e6711977f9d45c398b0f4894aab7ed87169fc [none]
[debug] [2021-06-18T23:39:21.305Z] >>> [apiv2][body] POST https://upload-firebasehosting.googleapis.com/upload/sites/social-network-93633/versions/3560ac43595ff8b2/files/9953c29a353639c2cb1a6c96401e6711977f9d45c398b0f4894aab7ed87169fc [stream]
[debug] [2021-06-18T23:39:21.306Z] >>> [apiv2][query] POST https://upload-firebasehosting.googleapis.com/upload/sites/social-network-93633/versions/3560ac43595ff8b2/files/71fe1433c0d46efc13ed4b6b4a08489a753a91eae1cc6787f5ea20c2ae24dfde [none]
[debug] [2021-06-18T23:39:21.306Z] >>> [apiv2][body] POST https://upload-firebasehosting.googleapis.com/upload/sites/social-network-93633/versions/3560ac43595ff8b2/files/71fe1433c0d46efc13ed4b6b4a08489a753a91eae1cc6787f5ea20c2ae24dfde [stream]
[debug] [2021-06-18T23:39:21.306Z] >>> [apiv2][query] POST https://upload-firebasehosting.googleapis.com/upload/sites/social-network-93633/versions/3560ac43595ff8b2/files/656d791dce69bec9227f23fa69071a16f2089b72222ec68acb79ea6e08052af5 [none]
[debug] [2021-06-18T23:39:21.306Z] >>> [apiv2][body] POST https://upload-firebasehosting.googleapis.com/upload/sites/social-network-93633/versions/3560ac43595ff8b2/files/656d791dce69bec9227f23fa69071a16f2089b72222ec68acb79ea6e08052af5 [stream]
[debug] [2021-06-18T23:39:21.307Z] >>> [apiv2][query] POST https://upload-firebasehosting.googleapis.com/upload/sites/social-network-93633/versions/3560ac43595ff8b2/files/17c7e36de4e96af8bbeac0747e03e9e7c61cfd0dcde4f58e7a27dce8808e47d9 [none]
[debug] [2021-06-18T23:39:21.307Z] >>> [apiv2][body] POST https://upload-firebasehosting.googleapis.com/upload/sites/social-network-93633/versions/3560ac43595ff8b2/files/17c7e36de4e96af8bbeac0747e03e9e7c61cfd0dcde4f58e7a27dce8808e47d9 [stream]
[debug] [2021-06-18T23:39:21.307Z] >>> [apiv2][query] POST https://upload-firebasehosting.googleapis.com/upload/sites/social-network-93633/versions/3560ac43595ff8b2/files/451ca258eb8eac33bd9b62d05bf8b14cc47e6bdcafff260524e4f78552c95e5a [none]
[debug] [2021-06-18T23:39:21.307Z] >>> [apiv2][body] POST https://upload-firebasehosting.googleapis.com/upload/sites/social-network-93633/versions/3560ac43595ff8b2/files/451ca258eb8eac33bd9b62d05bf8b14cc47e6bdcafff260524e4f78552c95e5a [stream]
[debug] [2021-06-18T23:39:21.308Z] >>> [apiv2][query] POST https://upload-firebasehosting.googleapis.com/upload/sites/social-network-93633/versions/3560ac43595ff8b2/files/0d8a5adca5c13fd122759a9e31410391964576c98afd257f135624c6b724d4a7 [none]
[debug] [2021-06-18T23:39:21.308Z] >>> [apiv2][body] POST https://upload-firebasehosting.googleapis.com/upload/sites/social-network-93633/versions/3560ac43595ff8b2/files/0d8a5adca5c13fd122759a9e31410391964576c98afd257f135624c6b724d4a7 [stream]
[debug] [2021-06-18T23:39:21.309Z] >>> [apiv2][query] POST https://upload-firebasehosting.googleapis.com/upload/sites/social-network-93633/versions/3560ac43595ff8b2/files/57083a3f5c03beefab1a46914e787f17be433dbb37c733514bed81206a8e02dc [none]
[debug] [2021-06-18T23:39:21.309Z] >>> [apiv2][body] POST https://upload-firebasehosting.googleapis.com/upload/sites/social-network-93633/versions/3560ac43595ff8b2/files/57083a3f5c03beefab1a46914e787f17be433dbb37c733514bed81206a8e02dc [stream]
[debug] [2021-06-18T23:39:21.309Z] >>> [apiv2][query] POST https://upload-firebasehosting.googleapis.com/upload/sites/social-network-93633/versions/3560ac43595ff8b2/files/726583c7fd80110ff59e5bd2f43a7b64bbda52375b4ad798c3e472a1b7240e27 [none]
[debug] [2021-06-18T23:39:21.309Z] >>> [apiv2][body] POST https://upload-firebasehosting.googleapis.com/upload/sites/social-network-93633/versions/3560ac43595ff8b2/files/726583c7fd80110ff59e5bd2f43a7b64bbda52375b4ad798c3e472a1b7240e27 [stream]
[debug] [2021-06-18T23:39:21.310Z] >>> [apiv2][query] POST https://upload-firebasehosting.googleapis.com/upload/sites/social-network-93633/versions/3560ac43595ff8b2/files/b4a82115447ea17e04f4439387d6e59d27d03c47c06fc28ba79e86e66821a7b6 [none]
[debug] [2021-06-18T23:39:21.310Z] >>> [apiv2][body] POST https://upload-firebasehosting.googleapis.com/upload/sites/social-network-93633/versions/3560ac43595ff8b2/files/b4a82115447ea17e04f4439387d6e59d27d03c47c06fc28ba79e86e66821a7b6 [stream]
[debug] [2021-06-18T23:39:21.310Z] [hosting][populate queue][FINAL] {"max":614,"min":614,"avg":614,"active":0,"complete":1,"success":1,"errored":0,"retried":0,"total":1,"elapsed":626}
[debug] [2021-06-18T23:39:21.310Z] [hosting] uploads queued: 15
[debug] [2021-06-18T23:39:21.924Z] <<< [apiv2][status] POST https://upload-firebasehosting.googleapis.com/upload/sites/social-network-93633/versions/3560ac43595ff8b2/files/5c997de1364b8be939319fa9209abd77f2caf7f8844999a9e2e9173f844e7840 200
[debug] [2021-06-18T23:39:21.924Z] <<< [apiv2][body] POST https://upload-firebasehosting.googleapis.com/upload/sites/social-network-93633/versions/3560ac43595ff8b2/files/5c997de1364b8be939319fa9209abd77f2caf7f8844999a9e2e9173f844e7840 [stream]
[debug] [2021-06-18T23:39:21.932Z] <<< [apiv2][status] POST https://upload-firebasehosting.googleapis.com/upload/sites/social-network-93633/versions/3560ac43595ff8b2/files/b2090cf9761ef60aa06e4fab97679bd43dfa5e5df073701ead5879d7c68f1ec5 200
[debug] [2021-06-18T23:39:21.932Z] <<< [apiv2][body] POST https://upload-firebasehosting.googleapis.com/upload/sites/social-network-93633/versions/3560ac43595ff8b2/files/b2090cf9761ef60aa06e4fab97679bd43dfa5e5df073701ead5879d7c68f1ec5 [stream]
[debug] [2021-06-18T23:39:21.946Z] <<< [apiv2][status] POST https://upload-firebasehosting.googleapis.com/upload/sites/social-network-93633/versions/3560ac43595ff8b2/files/9953c29a353639c2cb1a6c96401e6711977f9d45c398b0f4894aab7ed87169fc 200
[debug] [2021-06-18T23:39:21.946Z] <<< [apiv2][body] POST https://upload-firebasehosting.googleapis.com/upload/sites/social-network-93633/versions/3560ac43595ff8b2/files/9953c29a353639c2cb1a6c96401e6711977f9d45c398b0f4894aab7ed87169fc [stream]
[debug] [2021-06-18T23:39:22.036Z] <<< [apiv2][status] POST https://upload-firebasehosting.googleapis.com/upload/sites/social-network-93633/versions/3560ac43595ff8b2/files/57083a3f5c03beefab1a46914e787f17be433dbb37c733514bed81206a8e02dc 200
[debug] [2021-06-18T23:39:22.036Z] <<< [apiv2][body] POST https://upload-firebasehosting.googleapis.com/upload/sites/social-network-93633/versions/3560ac43595ff8b2/files/57083a3f5c03beefab1a46914e787f17be433dbb37c733514bed81206a8e02dc [stream]
[debug] [2021-06-18T23:39:22.042Z] <<< [apiv2][status] POST https://upload-firebasehosting.googleapis.com/upload/sites/social-network-93633/versions/3560ac43595ff8b2/files/451ca258eb8eac33bd9b62d05bf8b14cc47e6bdcafff260524e4f78552c95e5a 200
[debug] [2021-06-18T23:39:22.042Z] <<< [apiv2][body] POST https://upload-firebasehosting.googleapis.com/upload/sites/social-network-93633/versions/3560ac43595ff8b2/files/451ca258eb8eac33bd9b62d05bf8b14cc47e6bdcafff260524e4f78552c95e5a [stream]
[debug] [2021-06-18T23:39:22.044Z] <<< [apiv2][status] POST https://upload-firebasehosting.googleapis.com/upload/sites/social-network-93633/versions/3560ac43595ff8b2/files/4eeab4ddcc040227f38c4a6eca8c4eedbccf43f070f4c2d2c63c9a961045bd3a 200
[debug] [2021-06-18T23:39:22.045Z] <<< [apiv2][body] POST https://upload-firebasehosting.googleapis.com/upload/sites/social-network-93633/versions/3560ac43595ff8b2/files/4eeab4ddcc040227f38c4a6eca8c4eedbccf43f070f4c2d2c63c9a961045bd3a [stream]
